<?xml version="1.0" encoding="UTF-8"?>
<!-- Generated by org.testng.reporters.JUnitReportReporter -->
<testsuite hostname="VASU" failures="0" tests="1" name="testCases.TC_008_VerifyAllProductDetails" time="9.782" errors="0" timestamp="2023-03-23T02:55:23 IST" skipped="0">
  <testcase classname="testCases.TC_008_VerifyAllProductDetails" name="test_verifyProductDetails" time="9.782"/>
  <system-out/>
</testsuite> <!-- testCases.TC_008_VerifyAllProductDetails -->
