<?xml version="1.0" encoding="UTF-8"?>
<!-- Generated by org.testng.reporters.JUnitReportReporter -->
<testsuite hostname="VASU" failures="0" tests="1" name="testCases.TC_001_Register_user" time="23.937" errors="0" timestamp="2023-03-23T02:55:23 IST" skipped="0">
  <testcase classname="testCases.TC_001_Register_user" name="test_signupPage" time="23.937"/>
  <system-out/>
</testsuite> <!-- testCases.TC_001_Register_user -->
