<?xml version="1.0" encoding="UTF-8"?>
<!-- Generated by org.testng.reporters.JUnitReportReporter -->
<testsuite hostname="VASU" failures="0" tests="1" name="testCases.TC_006_ContactUsForm" time="16.791" errors="0" timestamp="2023-03-21T04:37:41 IST" skipped="0">
  <testcase classname="testCases.TC_006_ContactUsForm" name="test_contactus_Form" time="16.791"/>
  <system-out/>
</testsuite> <!-- testCases.TC_006_ContactUsForm -->
