<?xml version="1.0" encoding="UTF-8"?>
<!-- Generated by org.testng.reporters.JUnitReportReporter -->
<testsuite hostname="VASU" failures="0" tests="1" name="testCases.TC_011_VerifySubscriptionInCartPage" time="3.265" errors="0" timestamp="2023-03-23T02:55:23 IST" skipped="0">
  <testcase classname="testCases.TC_011_VerifySubscriptionInCartPage" name="test_subscriptionInCart" time="3.265"/>
  <system-out/>
</testsuite> <!-- testCases.TC_011_VerifySubscriptionInCartPage -->
