<?xml version="1.0" encoding="UTF-8"?>
<!-- Generated by org.testng.reporters.JUnitReportReporter -->
<testsuite hostname="VASU" failures="0" tests="1" name="testCases.TC_004_LogoutTestValid" time="14.127" errors="0" timestamp="2023-03-23T02:55:23 IST" skipped="0">
  <testcase classname="testCases.TC_004_LogoutTestValid" name="test_Login" time="14.127"/>
  <system-out/>
</testsuite> <!-- testCases.TC_004_LogoutTestValid -->
