<?xml version="1.0" encoding="UTF-8"?>
<!-- Generated by org.testng.reporters.JUnitReportReporter -->
<testsuite hostname="VASU" failures="0" tests="1" name="testCases.TC_005_Register_user_existingEmail" time="4.476" errors="0" timestamp="2023-03-23T02:55:23 IST" skipped="0">
  <testcase classname="testCases.TC_005_Register_user_existingEmail" name="test_existing_Email" time="4.476"/>
  <system-out/>
</testsuite> <!-- testCases.TC_005_Register_user_existingEmail -->
