<?xml version="1.0" encoding="UTF-8"?>
<!-- Generated by org.testng.reporters.JUnitReportReporter -->
<testsuite hostname="VASU" failures="0" tests="1" name="testCases.TC_010_VerifySubscription" time="0.996" errors="0" timestamp="2023-03-23T02:03:28 IST" skipped="0">
  <testcase classname="testCases.TC_010_VerifySubscription" name="test_subscription" time="0.996"/>
  <system-out/>
</testsuite> <!-- testCases.TC_010_VerifySubscription -->
