<?xml version="1.0" encoding="UTF-8"?>
<!-- Generated by org.testng.reporters.JUnitReportReporter -->
<testsuite hostname="VASU" failures="0" tests="5" name="testCases.TC_005_LoginTestDDT" time="336.261" errors="0" timestamp="2023-03-14T17:13:29 IST" skipped="0">
  <testcase classname="testCases.TC_005_LoginTestDDT" name="test_loginTestDDT" time="73.670"/>
  <system-out/>
  <testcase classname="testCases.TC_005_LoginTestDDT" name="test_loginTestDDT" time="39.589"/>
  <system-out/>
  <testcase classname="testCases.TC_005_LoginTestDDT" name="test_loginTestDDT" time="73.606"/>
  <system-out/>
  <testcase classname="testCases.TC_005_LoginTestDDT" name="test_loginTestDDT" time="115.561"/>
  <system-out/>
  <testcase classname="testCases.TC_005_LoginTestDDT" name="test_loginTestDDT" time="33.835"/>
  <system-out/>
</testsuite> <!-- testCases.TC_005_LoginTestDDT -->
