<?xml version="1.0" encoding="UTF-8"?>
<!-- Generated by org.testng.reporters.JUnitReportReporter -->
<testsuite hostname="VASU" failures="0" tests="1" name="testCases.TC_009_VerifySearchProduct" time="16.488" errors="0" timestamp="2023-03-23T01:05:19 IST" skipped="0">
  <testcase classname="testCases.TC_009_VerifySearchProduct" name="test_search_product" time="16.488"/>
  <system-out/>
</testsuite> <!-- testCases.TC_009_VerifySearchProduct -->
