<?xml version="1.0" encoding="UTF-8"?>
<!-- Generated by org.testng.reporters.JUnitReportReporter -->
<testsuite hostname="VASU" failures="0" tests="1" name="testCases.TC_008_VerifyAllProductDetails" time="11.542" errors="0" timestamp="2023-03-22T00:47:45 IST" skipped="0">
  <testcase classname="testCases.TC_008_VerifyAllProductDetails" name="test_verifyProductDetails" time="11.542"/>
  <system-out/>
</testsuite> <!-- testCases.TC_008_VerifyAllProductDetails -->
