<?xml version="1.0" encoding="UTF-8"?>
<!-- Generated by org.testng.reporters.JUnitReportReporter -->
<testsuite hostname="VASU" failures="0" tests="1" name="testCases.TC_011_VerifySubscriptionInCartPage" time="2.072" errors="0" timestamp="2023-03-28T01:03:01 IST" skipped="0">
  <testcase classname="testCases.TC_011_VerifySubscriptionInCartPage" name="test_subscriptionInCart" time="2.072"/>
  <system-out/>
</testsuite> <!-- testCases.TC_011_VerifySubscriptionInCartPage -->
