<?xml version="1.0" encoding="UTF-8"?>
<!-- Generated by org.testng.reporters.JUnitReportReporter -->
<testsuite hostname="VASU" failures="0" tests="1" name="testCases.TC_001_Register_user" time="38.193" errors="0" timestamp="2023-03-15T15:59:15 IST" skipped="0">
  <testcase classname="testCases.TC_001_Register_user" name="test_signupPage" time="38.193"/>
  <system-out/>
</testsuite> <!-- testCases.TC_001_Register_user -->
