<?xml version="1.0" encoding="UTF-8"?>
<!-- Generated by org.testng.reporters.JUnitReportReporter -->
<testsuite hostname="VASU" failures="0" tests="1" name="testCases.TC_001_Register_user" time="27.390" errors="0" timestamp="2023-03-20T04:05:20 IST" skipped="0">
  <testcase classname="testCases.TC_001_Register_user" name="test_signupPage" time="27.390"/>
  <system-out/>
</testsuite> <!-- testCases.TC_001_Register_user -->
