<?xml version="1.0" encoding="UTF-8"?>
<!-- Generated by org.testng.reporters.JUnitReportReporter -->
<testsuite hostname="VASU" failures="0" tests="1" name="testCases.TC_003_loginTestInvalid" time="17.755" errors="0" timestamp="2023-03-28T01:03:01 IST" skipped="0">
  <testcase classname="testCases.TC_003_loginTestInvalid" name="test_Login" time="17.755"/>
  <system-out/>
</testsuite> <!-- testCases.TC_003_loginTestInvalid -->
