<?xml version="1.0" encoding="UTF-8"?>
<!-- Generated by org.testng.reporters.JUnitReportReporter -->
<testsuite hostname="VASU" failures="0" tests="1" name="testCases.TC_003_loginTestInvalid" time="4.972" errors="0" timestamp="2023-03-20T04:05:20 IST" skipped="0">
  <testcase classname="testCases.TC_003_loginTestInvalid" name="test_Login" time="4.972"/>
  <system-out/>
</testsuite> <!-- testCases.TC_003_loginTestInvalid -->
