<?xml version="1.0" encoding="UTF-8"?>
<!-- Generated by org.testng.reporters.JUnitReportReporter -->
<testsuite hostname="VASU" failures="0" tests="1" name="testCases.TC_007_VerifyTestCasesPage" time="10.767" errors="0" timestamp="2023-03-28T01:03:01 IST" skipped="0">
  <testcase classname="testCases.TC_007_VerifyTestCasesPage" name="test_VerifyTestCasesPage" time="10.767"/>
  <system-out/>
</testsuite> <!-- testCases.TC_007_VerifyTestCasesPage -->
