<?xml version="1.0" encoding="UTF-8"?>
<!-- Generated by org.testng.reporters.JUnitReportReporter -->
<testsuite hostname="VASU" failures="0" tests="1" name="testCases.TC_005_Register_user_existingEmail" time="12.904" errors="0" timestamp="2023-03-20T22:32:43 IST" skipped="0">
  <testcase classname="testCases.TC_005_Register_user_existingEmail" name="test_existing_Email" time="12.904"/>
  <system-out/>
</testsuite> <!-- testCases.TC_005_Register_user_existingEmail -->
